13:52:15,584 root INFO Train period: 30	 Test period: 3

13:52:15,585 root INFO Train period: 30	 Test period: 3

13:52:15,585 root INFO Running predictions for Logistic Regression
13:52:57,32 root INFO Train period: 30	 Test period: 3

13:52:57,33 root INFO Train period: 30	 Test period: 3

13:52:57,33 root INFO Running predictions for Logistic Regression
13:53:41,344 root INFO Time taken to train model Logistic Regression for train period 30 and test period 3: 44.31098031997681
13:53:41,344 root INFO Train period: 30	 Test period: 3

13:53:41,344 root INFO Running predictions for Support Vector Machines
13:54:02,361 root INFO Time taken to train model Support Vector Machines for train period 30 and test period 3: 21.017747402191162
13:54:02,364 root INFO Train period: 30	 Test period: 3

13:54:02,364 root INFO Running predictions for XGBoost Classifier
13:55:47,431 root INFO Time taken to train model XGBoost Classifier for train period 30 and test period 3: 105.06739687919617
17:14:16,731 root INFO Time taken to train model Logistic Regression for train period 30 and test period 3: 31.13964033126831
17:21:08,860 root INFO Time taken to train model Logistic Regression for train period 30 and test period 3: 29.2719988822937
17:21:28,782 root INFO Time taken to train model Support Vector Machines for train period 30 and test period 3: 19.922052145004272
17:23:11,946 root INFO Time taken to train model XGBoost Classifier for train period 30 and test period 3: 103.16453170776367
17:25:22,332 root INFO Time taken to train model Logistic Regression for train period 60 and test period 3: 28.884790658950806
17:25:42,654 root INFO Time taken to train model Support Vector Machines for train period 60 and test period 3: 20.321454524993896
17:27:53,628 root INFO Time taken to train model XGBoost Classifier for train period 60 and test period 3: 130.9736819267273
17:31:46,867 root INFO Time taken to train model Logistic Regression for train period 30 and test period 3: 43.525063037872314
17:32:07,565 root INFO Time taken to train model Support Vector Machines for train period 30 and test period 3: 20.69798731803894
17:33:49,566 root INFO Time taken to train model XGBoost Classifier for train period 30 and test period 3: 102.00089502334595
19:48:30,1 root INFO Time taken to train model Logistic Regression for train period 30 and test period 3: 64.65808701515198
19:48:59,338 root INFO Time taken to train model Support Vector Machines for train period 30 and test period 3: 29.33670139312744
19:51:16,663 root INFO Time taken to train model XGBoost Classifier for train period 30 and test period 3: 137.32524180412292
18:18:54,535 tensorflow DEBUG Falling back to TensorFlow client; we recommended you install the Cloud TPU client directly with pip install cloud-tpu-client.
18:18:56,778 h5py._conv DEBUG Creating converter from 7 to 5
18:18:56,778 h5py._conv DEBUG Creating converter from 5 to 7
18:18:56,778 h5py._conv DEBUG Creating converter from 7 to 5
18:18:56,778 h5py._conv DEBUG Creating converter from 5 to 7
18:22:27,456 tensorflow WARNING Layer lstm will not use cuDNN kernels since it doesn't meet the criteria. It will use a generic GPU kernel as fallback when running on GPU.
18:22:28,739 tensorflow WARNING Layer lstm_1 will not use cuDNN kernels since it doesn't meet the criteria. It will use a generic GPU kernel as fallback when running on GPU.
18:22:28,786 tensorflow WARNING Layer lstm_2 will not use cuDNN kernels since it doesn't meet the criteria. It will use a generic GPU kernel as fallback when running on GPU.
18:23:48,169 tensorflow WARNING Layer lstm_3 will not use cuDNN kernels since it doesn't meet the criteria. It will use a generic GPU kernel as fallback when running on GPU.
18:23:48,254 tensorflow WARNING Layer lstm_4 will not use cuDNN kernels since it doesn't meet the criteria. It will use a generic GPU kernel as fallback when running on GPU.
18:23:48,353 tensorflow WARNING Layer lstm_5 will not use cuDNN kernels since it doesn't meet the criteria. It will use a generic GPU kernel as fallback when running on GPU.
18:48:18,6 root INFO Time taken to train model Logistic Regression for train period 30 and test period 3: 47.06368327140808
18:48:39,117 root INFO Time taken to train model Support Vector Machines for train period 30 and test period 3: 21.09492778778076
18:50:45,339 root INFO Time taken to train model XGBoost Classifier for train period 30 and test period 3: 126.22270011901855
